0 info it worked if it ends with ok
1 verbose cli [ 'C:\\Program Files\\nodejs\\node.exe',
1 verbose cli   'C:\\Program Files\\nodejs\\node_modules\\npm\\bin\\npm-cli.js',
1 verbose cli   'run',
1 verbose cli   'compile:sass' ]
2 info using npm@5.6.0
3 info using node@v8.11.2
4 verbose stack Error: ENOENT: no such file or directory, open 'C:\Users\kince\Desktop\web\CSS\package.json'
5 verbose cwd C:\Users\kince\Desktop\web\CSS
6 verbose Windows_NT 10.0.17134
7 verbose argv "C:\\Program Files\\nodejs\\node.exe" "C:\\Program Files\\nodejs\\node_modules\\npm\\bin\\npm-cli.js" "run" "compile:sass"
8 verbose node v8.11.2
9 verbose npm  v5.6.0
10 error path C:\Users\kince\Desktop\web\CSS\package.json
11 error code ENOENT
12 error errno -4058
13 error syscall open
14 error enoent ENOENT: no such file or directory, open 'C:\Users\kince\Desktop\web\CSS\package.json'
15 error enoent This is related to npm not being able to find a file.
16 verbose exit [ -4058, true ]
